[    0.000000] Linux version 4.15.0-213-generic (buildd@lcy02-amd64-079) (gcc version 7.5.0 (Ubuntu 7.5.0-3ubuntu1~18.04)) #224-Ubuntu SMP Mon Jun 19 13:30:12 UTC 2023 (Ubuntu 4.15.0-213.224-generic 4.15.18)
[    0.000000] Command line: BOOT_IMAGE=/boot/vmlinuz-4.15.0-213-generic root=UUID=f685bb41-0e3b-40c4-89c1-eea0f0583525 ro console=tty1 console=ttyS0
[    0.000000] KERNEL supported cpus:
[    0.000000]   Intel GenuineIntel
[    0.000000]   AMD AuthenticAMD
[    0.000000]   Centaur CentaurHauls
[    0.000000] x86/fpu: x87 FPU will use FXSAVE
[    0.000000] e820: BIOS-provided physical RAM map:
[    0.000000] BIOS-e820: [mem 0x0000000000000000-0x000000000009fbff] usable
[    0.000000] BIOS-e820: [mem 0x000000000009fc00-0x000000000009ffff] reserved
[    0.000000] BIOS-e820: [mem 0x00000000000f0000-0x00000000000fffff] reserved
[    0.000000] BIOS-e820: [mem 0x0000000000100000-0x000000007e7effff] usable
[    0.000000] BIOS-e820: [mem 0x000000007e7f0000-0x000000007e7fffff] ACPI data
[    0.000000] BIOS-e820: [mem 0x00000000fec00000-0x00000000fec00fff] reserved
[    0.000000] BIOS-e820: [mem 0x00000000fee00000-0x00000000fee00fff] reserved
[    0.000000] BIOS-e820: [mem 0x00000000fffc0000-0x00000000ffffffff] reserved
[    0.000000] NX (Execute Disable) protection: active
[    0.000000] SMBIOS 2.5 present.
[    0.000000] DMI: innotek GmbH VirtualBox/VirtualBox, BIOS VirtualBox 12/01/2006
[    0.000000] Hypervisor detected: KVM
[    0.000000] e820: last_pfn = 0x7e7f0 max_arch_pfn = 0x400000000
[    0.000000] MTRR: Disabled
[    0.000000] x86/PAT: MTRRs disabled, skipping PAT initialization too.
[    0.000000] CPU MTRRs all blank - virtualized system.
[    0.000000] x86/PAT: Configuration [0-7]: WB  WT  UC- UC  WB  WT  UC- UC  
[    0.000000] found SMP MP-table at [mem 0x0009fff0-0x0009ffff]
[    0.000000] Scanning 1 areas for low memory corruption
[    0.000000] RAMDISK: [mem 0x35819000-0x36c03fff]
[    0.000000] ACPI: Early table checksum verification disabled
[    0.000000] ACPI: RSDP 0x00000000000E0000 000024 (v02 VBOX  )
[    0.000000] ACPI: XSDT 0x000000007E7F0030 00003C (v01 VBOX   VBOXXSDT 00000001 ASL  00000061)
[    0.000000] ACPI: FACP 0x000000007E7F00F0 0000F4 (v04 VBOX   VBOXFACP 00000001 ASL  00000061)
[    0.000000] ACPI: DSDT 0x000000007E7F0610 002353 (v02 VBOX   VBOXBIOS 00000002 INTL 20100528)
[    0.000000] ACPI: FACS 0x000000007E7F0200 000040
[    0.000000] ACPI: FACS 0x000000007E7F0200 000040
[    0.000000] ACPI: APIC 0x000000007E7F0240 00005C (v02 VBOX   VBOXAPIC 00000001 ASL  00000061)
[    0.000000] ACPI: SSDT 0x000000007E7F02A0 00036C (v01 VBOX   VBOXCPUT 00000002 INTL 20100528)
[    0.000000] ACPI: Reserving FACP table memory at [mem 0x7e7f00f0-0x7e7f01e3]
[    0.000000] ACPI: Reserving DSDT table memory at [mem 0x7e7f0610-0x7e7f2962]
[    0.000000] ACPI: Reserving FACS table memory at [mem 0x7e7f0200-0x7e7f023f]
[    0.000000] ACPI: Reserving FACS table memory at [mem 0x7e7f0200-0x7e7f023f]
[    0.000000] ACPI: Reserving APIC table memory at [mem 0x7e7f0240-0x7e7f029b]
[    0.000000] ACPI: Reserving SSDT table memory at [mem 0x7e7f02a0-0x7e7f060b]
[    0.000000] No NUMA configuration found
[    0.000000] Faking a node at [mem 0x0000000000000000-0x000000007e7effff]
[    0.000000] NODE_DATA(0) allocated [mem 0x7e7c5000-0x7e7effff]
[    0.000000] kvm-clock: cpu 0, msr 0:7e744001, primary cpu clock
[    0.000000] kvm-clock: Using msrs 4b564d01 and 4b564d00
[    0.000000] kvm-clock: using sched offset of 4686224779 cycles
[    0.000000] clocksource: kvm-clock: mask: 0xffffffffffffffff max_cycles: 0x1cd42e4dffb, max_idle_ns: 881590591483 ns
[    0.000000] Zone ranges:
[    0.000000]   DMA      [mem 0x0000000000001000-0x0000000000ffffff]
[    0.000000]   DMA32    [mem 0x0000000001000000-0x000000007e7effff]
[    0.000000]   Normal   empty
[    0.000000]   Device   empty
[    0.000000] Movable zone start for each node
[    0.000000] Early memory node ranges
[    0.000000]   node   0: [mem 0x0000000000001000-0x000000000009efff]
[    0.000000]   node   0: [mem 0x0000000000100000-0x000000007e7effff]
[    0.000000] Reserved but unavailable: 104 pages
[    0.000000] Initmem setup node 0 [mem 0x0000000000001000-0x000000007e7effff]
[    0.000000] ACPI: PM-Timer IO Port: 0x4008
[    0.000000] IOAPIC[0]: apic_id 2, version 32, address 0xfec00000, GSI 0-23
[    0.000000] ACPI: INT_SRC_OVR (bus 0 bus_irq 0 global_irq 2 dfl dfl)
[    0.000000] ACPI: INT_SRC_OVR (bus 0 bus_irq 9 global_irq 9 low level)
[    0.000000] Using ACPI (MADT) for SMP configuration information
[    0.000000] smpboot: Allowing 2 CPUs, 0 hotplug CPUs
[    0.000000] PM: Registered nosave memory: [mem 0x00000000-0x00000fff]
[    0.000000] PM: Registered nosave memory: [mem 0x0009f000-0x0009ffff]
[    0.000000] PM: Registered nosave memory: [mem 0x000a0000-0x000effff]
[    0.000000] PM: Registered nosave memory: [mem 0x000f0000-0x000fffff]
[    0.000000] e820: [mem 0x7e800000-0xfebfffff] available for PCI devices
[    0.000000] Booting paravirtualized kernel on KVM
[    0.000000] clocksource: refined-jiffies: mask: 0xffffffff max_cycles: 0xffffffff, max_idle_ns: 7645519600211568 ns
[    0.000000] setup_percpu: NR_CPUS:8192 nr_cpumask_bits:2 nr_cpu_ids:2 nr_node_ids:1
[    0.000000] percpu: Embedded 50 pages/cpu s167936 r8192 d28672 u1048576
[    0.000000] PV qspinlock hash table entries: 256 (order: 0, 4096 bytes)
[    0.000000] Built 1 zonelists, mobility grouping on.  Total pages: 509913
[    0.000000] Policy zone: DMA32
[    0.000000] Kernel command line: BOOT_IMAGE=/boot/vmlinuz-4.15.0-213-generic root=UUID=f685bb41-0e3b-40c4-89c1-eea0f0583525 ro console=tty1 console=ttyS0
[    0.000000] Memory: 1989392K/2072120K available (12300K kernel code, 2477K rwdata, 4324K rodata, 2480K init, 2720K bss, 82728K reserved, 0K cma-reserved)
[    0.000000] SLUB: HWalign=64, Order=0-3, MinObjects=0, CPUs=2, Nodes=1
[    0.000000] Kernel/User page tables isolation: enabled
[    0.000000] ftrace: allocating 39508 entries in 155 pages
[    0.004000] Hierarchical RCU implementation.
[    0.004000] 	RCU restricting CPUs from NR_CPUS=8192 to nr_cpu_ids=2.
[    0.004000] 	Tasks RCU enabled.
[    0.004000] RCU: Adjusting geometry for rcu_fanout_leaf=16, nr_cpu_ids=2
[    0.004000] NR_IRQS: 524544, nr_irqs: 440, preallocated irqs: 16
[    0.004000] random: crng init done
[    0.004000] Console: colour VGA+ 80x25
[    0.004000] console [tty1] enabled
[    0.004000] console [ttyS0] enabled
[    0.004000] ACPI: Core revision 20170831
[    0.004000] ACPI: 2 ACPI AML tables successfully acquired and loaded
[    0.004000] APIC: Switch to symmetric I/O mode setup
[    0.004000] ..TIMER: vector=0x30 apic1=0 pin1=2 apic2=-1 pin2=-1
[    0.004000] tsc: Detected 2903.998 MHz processor
[    0.004000] Calibrating delay loop (skipped) preset value.. 5807.99 BogoMIPS (lpj=11615992)
[    0.004008] pid_max: default: 32768 minimum: 301
[    0.008124] Security Framework initialized
[    0.012007] Yama: becoming mindful.
[    0.016186] AppArmor: AppArmor initialized
[    0.041310] Dentry cache hash table entries: 262144 (order: 9, 2097152 bytes)
[    0.053622] Inode-cache hash table entries: 131072 (order: 8, 1048576 bytes)
[    0.056239] Mount-cache hash table entries: 4096 (order: 3, 32768 bytes)
[    0.060192] Mountpoint-cache hash table entries: 4096 (order: 3, 32768 bytes)
[    0.069410] Last level iTLB entries: 4KB 64, 2MB 8, 4MB 8
[    0.072006] Last level dTLB entries: 4KB 64, 2MB 0, 4MB 0, 1GB 4
[    0.080006] Spectre V1 : Mitigation: usercopy/swapgs barriers and __user pointer sanitization
[    0.084006] Spectre V2 : Mitigation: Retpolines
[    0.088006] Spectre V2 : Spectre v2 / SpectreRSB mitigation: Filling RSB on context switch
[    0.092007] Spectre V2 : Spectre v2 / SpectreRSB : Filling RSB on VMEXIT
[    0.096006] RETBleed: WARNING: Spectre v2 mitigation leaves CPU vulnerable to RETBleed attacks, data leaks possible!
[    0.100006] RETBleed: Vulnerable
[    0.104009] Speculative Store Bypass: Vulnerable
[    0.112094] MDS: Mitigation: Clear CPU buffers
[    0.116006] MMIO Stale Data: Mitigation: Clear CPU buffers
[    0.120008] SRBDS: Unknown: Dependent on hypervisor status
[    0.124240] Freeing SMP alternatives memory: 36K
[    0.242182] smpboot: CPU0: Intel(R) Core(TM) i7-7600U CPU @ 2.80GHz (family: 0x6, model: 0x8e, stepping: 0x9)
[    0.244648] Performance Events: unsupported p6 CPU model 142 no PMU driver, software events only.
[    0.248168] Hierarchical SRCU implementation.
[    0.252999] NMI watchdog: Perf event create on CPU 0 failed with -2
[    0.256005] NMI watchdog: Perf NMI watchdog permanently disabled
[    0.260554] smp: Bringing up secondary CPUs ...
[    0.266302] x86: Booting SMP configuration:
[    0.268007] .... node  #0, CPUs:      #1
[    0.004000] kvm-clock: cpu 1, msr 0:7e744041, secondary cpu clock
[    0.283652] TSC synchronization [CPU#0 -> CPU#1]:
[    0.284000] Measured 96520 cycles TSC warp between CPUs, turning off TSC clock.
[    0.284000] tsc: Marking TSC unstable due to check_tsc_sync_source failed
[    0.288325] smp: Brought up 1 node, 2 CPUs
[    0.292012] smpboot: Max logical packages: 1
[    0.296019] smpboot: Total of 2 processors activated (11615.99 BogoMIPS)
[    0.304136] devtmpfs: initialized
[    0.308046] x86/mm: Memory block size: 128MB
[    0.312885] evm: security.selinux
[    0.316010] evm: security.SMACK64
[    0.320004] evm: security.SMACK64EXEC
[    0.324004] evm: security.SMACK64TRANSMUTE
[    0.328004] evm: security.SMACK64MMAP
[    0.332004] evm: security.apparmor
[    0.336007] evm: security.ima
[    0.340012] evm: security.capability
[    0.348601] clocksource: jiffies: mask: 0xffffffff max_cycles: 0xffffffff, max_idle_ns: 7645041785100000 ns
[    0.352019] futex hash table entries: 512 (order: 3, 32768 bytes)
[    0.356295] pinctrl core: initialized pinctrl subsystem
[    0.361017] RTC time:  9:43:16, date: 12/15/24
[    0.365681] NET: Registered protocol family 16
[    0.368324] audit: initializing netlink subsys (disabled)
[    0.372294] audit: type=2000 audit(1734255801.930:1): state=initialized audit_enabled=0 res=1
[    0.384016] cpuidle: using governor ladder
[    0.388016] cpuidle: using governor menu
[    0.392079] ACPI: bus type PCI registered
[    0.396008] acpiphp: ACPI Hot Plug PCI Controller Driver version: 0.5
[    0.400788] PCI: Using configuration type 1 for base access
[    0.412738] HugeTLB registered 2.00 MiB page size, pre-allocated 0 pages
[    0.420962] ACPI: Added _OSI(Module Device)
[    0.424006] ACPI: Added _OSI(Processor Device)
[    0.428006] ACPI: Added _OSI(3.0 _SCP Extensions)
[    0.432006] ACPI: Added _OSI(Processor Aggregator Device)
[    0.436007] ACPI: Added _OSI(Linux-Dell-Video)
[    0.440008] ACPI: Added _OSI(Linux-Lenovo-NV-HDMI-Audio)
[    0.444006] ACPI: Added _OSI(Linux-HPI-Hybrid-Graphics)
[    0.452150] ACPI: Executed 1 blocks of module-level executable AML code
[    0.461320] ACPI: Interpreter enabled
[    0.464020] ACPI: (supports S0 S5)
[    0.468004] ACPI: Using IOAPIC for interrupt routing
[    0.472455] PCI: Using host bridge windows from ACPI; if necessary, use "pci=nocrs" and report a bug
[    0.476427] ACPI: Enabled 2 GPEs in block 00 to 07
[    0.492753] ACPI: PCI Root Bridge [PCI0] (domain 0000 [bus 00-ff])
[    0.496026] acpi PNP0A03:00: _OSC: OS supports [ASPM ClockPM Segments MSI]
[    0.504452] acpi PNP0A03:00: _OSC: not requesting OS control; OS requires [ExtendedConfig ASPM ClockPM MSI]
[    0.508021] acpi PNP0A03:00: fail to add MMCONFIG information, can't access extended PCI configuration space under this bridge.
[    0.513078] PCI host bridge to bus 0000:00
[    0.516009] pci_bus 0000:00: root bus resource [io  0x0000-0x0cf7 window]
[    0.520008] pci_bus 0000:00: root bus resource [io  0x0d00-0xffff window]
[    0.524010] pci_bus 0000:00: root bus resource [mem 0x000a0000-0x000bffff window]
[    0.528011] pci_bus 0000:00: root bus resource [mem 0x7e800000-0xfdffffff window]
[    0.532012] pci_bus 0000:00: root bus resource [bus 00-ff]
[    0.547901] pci 0000:00:01.1: legacy IDE quirk: reg 0x10: [io  0x01f0-0x01f7]
[    0.548009] pci 0000:00:01.1: legacy IDE quirk: reg 0x14: [io  0x03f6]
[    0.552015] pci 0000:00:01.1: legacy IDE quirk: reg 0x18: [io  0x0170-0x0177]
[    0.556010] pci 0000:00:01.1: legacy IDE quirk: reg 0x1c: [io  0x0376]
[    0.597645] pci 0000:00:07.0: quirk: [io  0x4000-0x403f] claimed by PIIX4 ACPI
[    0.600063] pci 0000:00:07.0: quirk: [io  0x4100-0x410f] claimed by PIIX4 SMB
[    0.630189] ACPI: PCI Interrupt Link [LNKA] (IRQs 5 9 10 *11)
[    0.632854] ACPI: PCI Interrupt Link [LNKB] (IRQs 5 9 *10 11)
[    0.636341] ACPI: PCI Interrupt Link [LNKC] (IRQs 5 *9 10 11)
[    0.640424] ACPI: PCI Interrupt Link [LNKD] (IRQs 5 9 10 *11)
[    0.645228] SCSI subsystem initialized
[    0.648333] pci 0000:00:02.0: vgaarb: setting as boot VGA device
[    0.652000] pci 0000:00:02.0: vgaarb: VGA device added: decodes=io+mem,owns=io+mem,locks=none
[    0.652016] pci 0000:00:02.0: vgaarb: bridge control possible
[    0.660009] vgaarb: loaded
[    0.664000] ACPI: bus type USB registered
[    0.664056] usbcore: registered new interface driver usbfs
[    0.668090] usbcore: registered new interface driver hub
[    0.672048] usbcore: registered new device driver usb
[    0.680013] EDAC MC: Ver: 3.0.0
[    0.688294] PCI: Using ACPI for IRQ routing
[    0.696656] NetLabel: Initializing
[    0.700005] NetLabel:  domain hash size = 128
[    0.704005] NetLabel:  protocols = UNLABELED CIPSOv4 CALIPSO
[    0.708025] NetLabel:  unlabeled traffic allowed by default
[    0.712247] clocksource: Switched to clocksource kvm-clock
[    0.724593] VFS: Disk quotas dquot_6.6.0
[    0.724593] VFS: Dquot-cache hash table entries: 512 (order 0, 4096 bytes)
[    0.724593] AppArmor: AppArmor Filesystem Enabled
[    0.724593] pnp: PnP ACPI init
[    0.724593] pnp: PnP ACPI: found 3 devices
[    0.866348] clocksource: acpi_pm: mask: 0xffffff max_cycles: 0xffffff, max_idle_ns: 2085701024 ns
[    0.868494] NET: Registered protocol family 2
[    0.868494] IP idents hash table entries: 32768 (order: 6, 262144 bytes)
[    0.895781] TCP established hash table entries: 16384 (order: 5, 131072 bytes)
[    0.898555] TCP bind hash table entries: 16384 (order: 6, 262144 bytes)
[    0.898555] TCP: Hash tables configured (established 16384 bind 16384)
[    0.898555] UDP hash table entries: 1024 (order: 3, 32768 bytes)
[    0.898555] UDP-Lite hash table entries: 1024 (order: 3, 32768 bytes)
[    0.898555] NET: Registered protocol family 1
[    0.898555] pci 0000:00:00.0: Limiting direct PCI/PCI transfers
[    0.898555] pci 0000:00:01.0: Activating ISA DMA hang workarounds
[    0.898555] pci 0000:00:02.0: Video device with shadowed ROM at [mem 0x000c0000-0x000dffff]
[    0.898555] Unpacking initramfs...
[    1.765307] Freeing initrd memory: 20396K
[    1.770880] clocksource: tsc: mask: 0xffffffffffffffff max_cycles: 0x29dc03c1beb, max_idle_ns: 440795205215 ns
[    1.783371] platform rtc_cmos: registered platform RTC device (no PNP device found)
[    1.792553] Scanning for low memory corruption every 60 seconds
[    1.801801] Initialise system trusted keyrings
[    1.807197] Key type blacklist registered
[    1.813176] workingset: timestamp_bits=36 max_order=19 bucket_order=0
[    1.825353] zbud: loaded
[    1.830816] squashfs: version 4.0 (2009/01/31) Phillip Lougher
[    1.838037] fuse init (API version 7.26)
[    1.865569] Key type asymmetric registered
[    1.870062] Asymmetric key parser 'x509' registered
[    1.875209] Block layer SCSI generic (bsg) driver version 0.4 loaded (major 246)
[    1.883432] io scheduler noop registered
[    1.887610] io scheduler deadline registered
[    1.892129] io scheduler cfq registered (default)
[    1.897775] ACPI: AC Adapter [AC] (on-line)
[    1.903303] input: Power Button as /devices/LNXSYSTM:00/LNXPWRBN:00/input/input0
[    1.913080] ACPI: Power Button [PWRF]
[    1.917423] input: Sleep Button as /devices/LNXSYSTM:00/LNXSLPBN:00/input/input1
[    1.925865] ACPI: Sleep Button [SLPF]
[    1.932715] Serial: 8250/16550 driver, 32 ports, IRQ sharing enabled
[    1.935936] ACPI: Battery Slot [BAT0] (battery present)
[    1.976979] 00:02: ttyS0 at I/O 0x3f8 (irq = 4, base_baud = 115200) is a 16550A
[    2.009173] Linux agpgart interface v0.103
[    2.031922] loop: module loaded
[    2.040052] scsi host0: ata_piix
[    2.046586] scsi host1: ata_piix
[    2.051641] ata1: PATA max UDMA/33 cmd 0x1f0 ctl 0x3f6 bmdma 0xd000 irq 14
[    2.055405] ata2: PATA max UDMA/33 cmd 0x170 ctl 0x376 bmdma 0xd008 irq 15
[    2.073099] tun: Universal TUN/TAP device driver, 1.6
[    2.081993] PPP generic driver version 2.4.2
[    2.088718] ehci_hcd: USB 2.0 'Enhanced' Host Controller (EHCI) Driver
[    2.096666] ehci-pci: EHCI PCI platform driver
[    2.101342] ehci-platform: EHCI generic platform driver
[    2.107049] ohci_hcd: USB 1.1 'Open' Host Controller (OHCI) Driver
[    2.113143] ohci-pci: OHCI PCI platform driver
[    2.118159] ohci-platform: OHCI generic platform driver
[    2.123566] uhci_hcd: USB Universal Host Controller Interface driver
[    2.131134] i8042: PNP: PS/2 Controller [PNP0303:PS2K,PNP0f03:PS2M] at 0x60,0x64 irq 1,12
[    2.144304] serio: i8042 KBD port at 0x60,0x64 irq 1
[    2.149735] serio: i8042 AUX port at 0x60,0x64 irq 12
[    2.157367] mousedev: PS/2 mouse device common for all mice
[    2.169376] rtc_cmos rtc_cmos: rtc core: registered rtc_cmos as rtc0
[    2.178560] input: AT Translated Set 2 keyboard as /devices/platform/i8042/serio0/input/input2
[    2.185043] rtc_cmos rtc_cmos: alarms up to one day, 114 bytes nvram
[    2.197974] i2c /dev entries driver
[    2.203470] device-mapper: uevent: version 1.0.3
[    2.209626] device-mapper: ioctl: 4.37.0-ioctl (2017-09-20) initialised: dm-devel@redhat.com
[    2.220380] ledtrig-cpu: registered to indicate activity on CPUs
[    2.231457] NET: Registered protocol family 10
[    2.286665] Segment Routing with IPv6
[    2.292325] NET: Registered protocol family 17
[    2.298929] Key type dns_resolver registered
[    2.306471] mce: Using 0 MCE banks
[    2.310605] RAS: Correctable Errors collector initialized.
[    2.317456] sched_clock: Marking stable (2317342738, 0)->(3615671072, -1298328334)
[    2.330729] registered taskstats version 1
[    2.336432] Loading compiled-in X.509 certificates
[    2.351130] Loaded X.509 cert 'Build time autogenerated kernel key: cdc7189136aaa35407544516090e2034d9c28e14'
[    2.367641] Loaded X.509 cert 'Canonical Ltd. Live Patch Signing: 14df34d1a87cf37625abec039ef2bf521249b969'
[    2.383547] Loaded X.509 cert 'Canonical Ltd. Kernel Module Signing: 88f752e560a1e0737e31163a466ad7b70a850c19'
[    2.397150] blacklist: Loading compiled-in revocation X.509 certificates
[    2.406660] Loaded X.509 cert 'Canonical Ltd. Secure Boot Signing: 61482aa2830d0ab2ad5af10b7250da9033ddcef0'
[    2.422043] Loaded X.509 cert 'Canonical Ltd. Secure Boot Signing (2017): 242ade75ac4a15e50d50c84b0d45ff3eae707a03'
[    2.436879] Loaded X.509 cert 'Canonical Ltd. Secure Boot Signing (ESM 2018): 365188c1d374d6b07c3c8f240f8ef722433d6a8b'
[    2.453894] Loaded X.509 cert 'Canonical Ltd. Secure Boot Signing (2019): c0746fd6c5da3ae827864651ad66ae47fe24b3e8'
[    2.469712] Loaded X.509 cert 'Canonical Ltd. Secure Boot Signing (2021 v1): a8d54bbb3825cfb94fa13c9f8a594a195c107b8d'
[    2.486677] Loaded X.509 cert 'Canonical Ltd. Secure Boot Signing (2021 v2): 4cf046892d6fd3c9a5b03f98d845f90851dc6a8c'
[    2.500801] Loaded X.509 cert 'Canonical Ltd. Secure Boot Signing (2021 v3): 100437bb6de6e469b581e61cd66bce3ef4ed53af'
[    2.513094] Loaded X.509 cert 'Canonical Ltd. Secure Boot Signing (Ubuntu Core 2019): c1d57b8f6b743f23ee41f4f7ee292f06eecadfb9'
[    2.528233] zswap: loaded using pool lzo/zbud
[    2.545935] Key type big_key registered
[    2.551711] Key type trusted registered
[    2.560872] Key type encrypted registered
[    2.566475] AppArmor: AppArmor sha1 policy hashing enabled
[    2.574110] ima: No TPM chip found, activating TPM-bypass! (rc=-19)
[    2.582261] ima: Allocated hash algorithm: sha1
[    2.588051] evm: HMAC attrs: 0x1
[    2.594186]   Magic number: 4:801:727
[    2.599042] block loop7: hash matches
[    2.604255] rtc_cmos rtc_cmos: setting system clock to 2024-12-15 09:43:18 UTC (1734255798)
[    2.616746] BIOS EDD facility v0.16 2004-Jun-25, 0 devices found
[    2.624286] EDD information not available.
[    2.635169] Freeing unused kernel image memory: 2480K
[    2.660161] Write protecting the kernel read-only data: 20480k
[    2.669590] Freeing unused kernel image memory: 2008K
[    2.678441] Freeing unused kernel image memory: 1820K
[    2.695050] x86/mm: Checked W+X mappings: passed, no W+X pages found.
[    2.703273] x86/mm: Checking user space page tables
[    2.716304] x86/mm: Checked W+X mappings: passed, no W+X pages found.
Loading, please wait...
starting version 237
[    2.906157] e1000: Intel(R) PRO/1000 Network Driver - version 7.3.21-k8-NAPI
[    2.917188] e1000: Copyright (c) 1999-2006 Intel Corporation.
[    2.961193] SSE version of gcm_enc/dec engaged.
[    2.964469] Fusion MPT base driver 3.04.20
[    2.975629] Copyright (c) 1999-2008 LSI Corporation
[    3.022110] Fusion MPT SPI Host driver 3.04.20
[    3.181599] input: ImExPS/2 Generic Explorer Mouse as /devices/platform/i8042/serio1/input/input4
[    3.781850] e1000 0000:00:03.0 eth0: (PCI:33MHz:32-bit) 02:3b:7b:b7:3b:2d
[    3.789995] e1000 0000:00:03.0 eth0: Intel(R) PRO/1000 Network Connection
[    3.802494] mptbase: ioc0: Initiating bringup
[    3.920310] ioc0: LSI53C1030 A0: Capabilities={Initiator}
[    4.191345] scsi host2: ioc0: LSI53C1030 A0, FwRev=00000000h, Ports=1, MaxQ=256, IRQ=20
[    4.373290] scsi 2:0:0:0: Direct-Access     VBOX     HARDDISK         1.0  PQ: 0 ANSI: 5
[    5.777851] scsi target2:0:0: Beginning Domain Validation
[    5.800200] scsi target2:0:0: Domain Validation skipping write tests
[    5.806065] scsi target2:0:0: Ending Domain Validation
[    5.811150] scsi target2:0:0: asynchronous
[    5.816877] scsi 2:0:1:0: Direct-Access     VBOX     HARDDISK         1.0  PQ: 0 ANSI: 5
[    6.237730] e1000 0000:00:08.0 eth1: (PCI:33MHz:32-bit) 08:00:27:bc:2f:b6
[    6.247773] e1000 0000:00:08.0 eth1: Intel(R) PRO/1000 Network Connection
[    6.944924] scsi target2:0:1: Beginning Domain Validation
[    7.139374] scsi target2:0:1: Domain Validation skipping write tests
[    7.151172] scsi target2:0:1: Ending Domain Validation
[    7.159411] scsi target2:0:1: asynchronous
[    7.181250] sd 2:0:0:0: Attached scsi generic sg0 type 0
[    7.191462] sd 2:0:0:0: [sda] 83886080 512-byte logical blocks: (42.9 GB/40.0 GiB)
[    7.191752] sd 2:0:1:0: Attached scsi generic sg1 type 0
[    7.220757] sd 2:0:0:0: [sda] Write Protect is off
[    7.228528] sd 2:0:1:0: [sdb] 20480 512-byte logical blocks: (10.5 MB/10.0 MiB)
[    7.240680] sd 2:0:0:0: [sda] Incomplete mode parameter data
[    7.248779] sd 2:0:0:0: [sda] Assuming drive cache: write through
[    7.253584] e1000 0000:00:09.0 eth2: (PCI:33MHz:32-bit) 08:00:27:d1:36:80
[    7.256987] sd 2:0:1:0: [sdb] Write Protect is off
[    7.267320] e1000 0000:00:09.0 eth2: Intel(R) PRO/1000 Network Connection
[    7.287456] sd 2:0:1:0: [sdb] Incomplete mode parameter data
[    7.291472]  sda: sda1
[    7.296480] sd 2:0:1:0: [sdb] Assuming drive cache: write through
[    7.303723] sd 2:0:0:0: [sda] Attached SCSI disk
[    7.330713] sd 2:0:1:0: [sdb] Attached SCSI disk
[    7.341011] e1000 0000:00:09.0 enp0s9: renamed from eth2
[    7.374239] e1000 0000:00:08.0 enp0s8: renamed from eth1
[    8.371605] e1000 0000:00:03.0 enp0s3: renamed from eth0
Begin: Loading essential drivers ... [   11.076683] raid6: sse2x1   gen()  6960 MB/s
[   11.128420] raid6: sse2x1   xor()  5929 MB/s
[   11.180659] raid6: sse2x2   gen() 13256 MB/s
[   11.232439] raid6: sse2x2   xor()  8727 MB/s
[   11.284076] raid6: sse2x4   gen() 11019 MB/s
[   11.336417] raid6: sse2x4   xor()  8477 MB/s
[   11.340813] raid6: using algorithm sse2x2 gen() 13256 MB/s
[   11.346215] raid6: .... xor() 8727 MB/s, rmw enabled
[   11.353182] raid6: using ssse3x2 recovery algorithm
[   11.361687] xor: measuring software checksum speed
[   16.344629]    prefetch64-sse: -319598.-296 MB/sec
[   16.448718]    generic_sse: 42078.000 MB/sec
[   16.454760] xor: using function: generic_sse (42078.000 MB/sec)
[   16.467345] async_tx: api initialized (async)
done.
Begin: Running /scripts/init-premount ... done.
Begin: Mounting root file system ... Begin: Running /scripts/local-top ... done.
Begin: Running /scripts/local-premount ... [   16.573810] Btrfs loaded, crc32c=crc32c-intel
Scanning for Btrfs filesystems
done.
Begin: Will now check root file system ... fsck from util-linux 2.31.1
[/sbin/fsck.ext4 (1) -- /dev/sda1] fsck.ext4 -a -C0 /dev/sda1 
cloudimg-rootfs: clean, 99966/5120000 files, 780489/10485499 blocks
done.
[   16.687016] EXT4-fs (sda1): mounted filesystem with ordered data mode. Opts: (null)
done.
Begin: Running /scripts/local-bottom ... done.
Begin: Running /scripts/init-bottom ... done.
[   17.074864] ip_tables: (C) 2000-2006 Netfilter Core Team
[   17.100974] systemd[1]: systemd 237 running in system mode. (+PAM +AUDIT +SELINUX +IMA +APPARMOR +SMACK +SYSVINIT +UTMP +LIBCRYPTSETUP +GCRYPT +GNUTLS +ACL +XZ +LZ4 +SECCOMP +BLKID +ELFUTILS +KMOD -IDN2 +IDN -PCRE2 default-hierarchy=hybrid)
[   17.129580] systemd[1]: Detected virtualization oracle.
[   17.136816] systemd[1]: Detected architecture x86-64.

Welcome to [1mUbuntu 18.04.6 LTS[0m!

[   17.194123] systemd[1]: Set hostname to <ubuntu-bionic>.
[   17.752493] systemd[1]: Reached target User and Group Name Lookups.
[[0;32m  OK  [0m] Reached target User and Group Name Lookups.
[   17.764356] systemd[1]: Reached target System Time Synchronized.
[[0;32m  OK  [0m] Reached target System Time Synchronized.
[   17.775586] systemd[1]: Reached target Mounting snaps.
[[0;32m  OK  [0m] Reached target Mounting snaps.
[   17.798434] systemd[1]: Created slice User and Session Slice.
[[0;32m  OK  [0m] Created slice User and Session Slice.
[   17.808461] systemd[1]: Reached target Swap.
[[0;32m  OK  [0m] Reached target Swap.
[   17.815797] systemd[1]: Started Forward Password Requests to Wall Directory Watch.
[[0;32m  OK  [0m] Started Forward Password Requests to Wall Directory Watch.
[[0;32m  OK  [0m] Created slice System Slice.
[[0;32m  OK  [0m] Listening on LVM2 metadata daemon socket.
[[0;32m  OK  [0m] Listening on /dev/initctl Compatibility Named Pipe.
[[0;32m  OK  [0m] Listening on udev Kernel Socket.
[[0;32m  OK  [0m] Listening on LVM2 poll daemon socket.
[[0;32m  OK  [0m] Created slice system-serial\x2dgetty.slice.
[[0;32m  OK  [0m] Listening on fsck to fsckd communication Socket.
[[0;32m  OK  [0m] Listening on udev Control Socket.
[[0;32m  OK  [0m] Listening on Journal Socket (/dev/log).
[[0;32m  OK  [0m] Listening on Syslog Socket.
[[0;32m  OK  [0m] Set up automount Arbitrary Executab…rmats File System Automount Point.
[[0;32m  OK  [0m] Listening on Journal Socket.
         Starting Set the console keyboard layout...
         Starting Create list of required st…ce nodes for the current kernel...
         Starting udev Coldplug all Devices...
         Starting Load Kernel Modules...
         Starting Uncomplicated firewall...
         Mounting Kernel Debug File System...
[   17.918816] Loading iSCSI transport class v2.0-870.
         Mounting Huge Pages File System...
[[0;32m  OK  [0m] Listening on Network Service Netlink Socket.
         Starting Remount Root and Kernel File Systems...
[[0;32m  OK  [0m] Listening on Journal Audit Socket.
         Starting Journal Service...
[[0;32m  OK  [0m] Listening on Device-mapper event daemon FIFOs.
         Starting Monitoring of LVM2 mirrors…ng dmeventd or progress polling...
[[0;32m  OK  [0m] Reached target Slices.
         Mounting POSIX Message Queue File System...
[[0;32m  OK  [0m] Started Create list of required sta…vice nodes for the current kernel.
[[0;32m  OK  [0m] Started Uncomplicated firewall.
[[0;32m  OK  [0m] Mounted Kernel Debug File System.
[[0;32m  OK  [0m] Mounted Huge Pages File System.
[[0;32m  OK  [0m] Mounted POSIX Message Queue File System.
         Starting Create Static Device Nodes in /dev...
[   18.067453] EXT4-fs (sda1): re-mounted. Opts: (null)
[   18.084719] iscsi: registered transport (tcp)
[[0;32m  OK  [0m] Started Remount Root and Kernel File Systems.
         Starting Load/Save Random Seed...
[[0;32m  OK  [0m] Started Create Static Device Nodes in /dev.
         Starting udev Kernel Device Manager...
[[0;32m  OK  [0m] Started udev Coldplug all Devices.
[[0;32m  OK  [0m] Started LVM2 metadata daemon.
[[0;32m  OK  [0m] Started Journal Service.
[[0;32m  OK  [0m] Started Set the console keyboard layout.
         Starting Flush Journal to Persistent Storage...
[[0;32m  OK  [0m] Started Load/Save Random Seed.
[[0;32m  OK  [0m] Started udev Kernel Device Manager.
[[0;32m  OK  [0m] Started Dispatch Password Requests to Console Directory Watch.
[[0;32m  OK  [0m] Reached target Local Encrypted Volumes.
[   18.353821] systemd-journald[430]: Received request to flush runtime journal from PID 1
[[0;32m  OK  [0m] Started Monitoring of LVM2 mirrors,…sing dmeventd or progress polling.
[[0;32m  OK  [0m] Reached target Local File Systems (Pre).
         Mounting Mount unit for core22, revision 1722...
         Mounting Mount unit for tree, revision 54...
         Mounting Mount unit for snapd, revision 23258...
[   18.448384] iscsi: registered transport (iser)
[[0;32m  OK  [0m] Started Load Kernel Modules.
         Starting Apply Kernel Variables...
         Mounting FUSE Control File System...
         Mounting Kernel Configuration File System...
[[0;32m  OK  [0m] Mounted Kernel Configuration File System.
[[0;32m  OK  [0m] Mounted FUSE Control File System.
[[0;32m  OK  [0m] Mounted Mount unit for core22, revision 1722.
[[0;32m  OK  [0m] Started Apply Kernel Variables.
[[0;32m  OK  [0m] Mounted Mount unit for snapd, revision 23258.
[[0;32m  OK  [0m] Mounted Mount unit for tree, revision 54.
[[0;32m  OK  [0m] Reached target Mounted snaps.
[[0;32m  OK  [0m] Reached target Local File Systems.
         Starting Set console font and keymap...
         Starting ebtables ruleset management...
         Starting Tell Plymouth To Write Out Runtime Data...
         Starting AppArmor initialization...
[[0;32m  OK  [0m] Started Set console font and keymap.
[[0;32m  OK  [0m] Started Tell Plymouth To Write Out Runtime Data.
[[0;32m  OK  [0m] Started Flush Journal to Persistent Storage.
         Starting Create Volatile Files and Directories...
[[0;32m  OK  [0m] Started Create Volatile Files and Directories.
         Starting Update UTMP about System Boot/Shutdown...
[[0;32m  OK  [0m] Started Update UTMP about System Boot/Shutdown.
[[0;32m  OK  [0m] Started ebtables ruleset management.
[[0;32m  OK  [0m] Found device /dev/ttyS0.
[[0;32m  OK  [0m] Started AppArmor initialization.
         Starting Load AppArmor profiles managed internally by snapd...
         Starting Initial cloud-init job (pre-networking)...
         Mounting Arbitrary Executable File Formats File System...
[[0;32m  OK  [0m] Mounted Arbitrary Executable File Formats File System.
[[0;32m  OK  [0m] Listening on Load/Save RF Kill Switch Status /dev/rfkill Watch.
[[0;32m  OK  [0m] Started Load AppArmor profiles managed internally by snapd.
[   23.754037] cloud-init[568]: Cloud-init v. 23.1.2-0ubuntu0~18.04.1 running 'init-local' at Sun, 15 Dec 2024 09:43:39 +0000. Up 23.35 seconds.
[[0;32m  OK  [0m] Started Initial cloud-init job (pre-networking).
[[0;32m  OK  [0m] Reached target Network (Pre).
         Starting Network Service...
[[0;32m  OK  [0m] Started Network Service.
         Starting Network Name Resolution...
         Starting Wait for Network to be Configured...
[[0;32m  OK  [0m] Started Network Name Resolution.
[[0;32m  OK  [0m] Reached target Host and Network Name Lookups.
[[0;32m  OK  [0m] Reached target Network.
[[0;32m  OK  [0m] Started Wait for Network to be Configured.
         Starting Initial cloud-init job (metadata service crawler)...
[   27.395088] cloud-init[734]: Cloud-init v. 23.1.2-0ubuntu0~18.04.1 running 'init' at Sun, 15 Dec 2024 09:43:42 +0000. Up 27.03 seconds.
[   27.403288] cloud-init[734]: ci-info: ++++++++++++++++++++++++++++++++++++++Net device info+++++++++++++++++++++++++++++++++++++++
[   27.411262] cloud-init[734]: ci-info: +--------+------+-----------------------------+---------------+--------+-------------------+
[   27.422044] cloud-init[734]: ci-info: | Device |  Up  |           Address           |      Mask     | Scope  |     Hw-Address    |
[   27.431101] cloud-init[734]: ci-info: +--------+------+-----------------------------+---------------+--------+-------------------+
[   27.440688] cloud-init[734]: ci-info: | enp0s3 | True |          10.0.2.15          | 255.255.255.0 | global | 02:3b:7b:b7:3b:2d |
[   27.451109] cloud-init[734]: ci-info: | enp0s3 | True |  fe80::3b:7bff:feb7:3b2d/64 |       .       |  link  | 02:3b:7b:b7:3b:2d |
[   27.463276] cloud-init[734]: ci-info: | enp0s8 | True |        192.168.56.30        | 255.255.255.0 | global | 08:00:27:bc:2f:b6 |
[   27.480756] cloud-init[734]: ci-info: | enp0s8 | True | fe80::a00:27ff:febc:2fb6/64 |       .       |  link  | 08:00:27:bc:2f:b6 |
[   27.493849] cloud-init[734]: ci-info: | enp0s9 | True |         192.168.2.66        | 255.255.255.0 | global | 08:00:27:d1:36:80 |
[   27.506132] cloud-init[734]: ci-info: | enp0s9 | True | fe80::a00:27ff:fed1:3680/64 |       .       |  link  | 08:00:27:d1:36:80 |
[   27.518191] cloud-init[734]: ci-info: |   lo   | True |          127.0.0.1          |   255.0.0.0   |  host  |         .         |
[   27.533355] cloud-init[734]: ci-info: |   lo   | True |           ::1/128           |       .       |  host  |         .         |
[   27.547767] cloud-init[734]: ci-info: +--------+------+-----------------------------+---------------+--------+-------------------+
[   27.560950] cloud-init[734]: ci-info: ++++++++++++++++++++++++++++++Route IPv4 info+++++++++++++++++++++++++++++++
[   27.572010] cloud-init[734]: ci-info: +-------+--------------+-------------+-----------------+-----------+-------+
[   27.583713] cloud-init[734]: ci-info: | Route | Destination  |   Gateway   |     Genmask     | Interface | Flags |
[   27.597470] cloud-init[734]: ci-info: +-------+--------------+-------------+-----------------+-----------+-------+
[   27.609783] cloud-init[734]: ci-info: |   0   |   0.0.0.0    | 192.168.2.1 |     0.0.0.0     |   enp0s9  |   UG  |
[   27.621170] cloud-init[734]: ci-info: |   1   |   0.0.0.0    |   10.0.2.2  |     0.0.0.0     |   enp0s3  |   UG  |
[   27.631742] cloud-init[734]: ci-info: |   2   |   10.0.2.0   |   0.0.0.0   |  255.255.255.0  |   enp0s3  |   U   |
[   27.644841] cloud-init[734]: ci-info: |   3   |   10.0.2.2   |   0.0.0.0   | 255.255.255.255 |   enp0s3  |   UH  |
[   27.650850] cloud-init[734]: ci-info: |   4   | 192.168.2.0  |   0.0.0.0   |  255.255.255.0  |   enp0s9  |   U   |
[   27.657754] cloud-init[734]: ci-info: |   5   | 192.168.2.1  |   0.0.0.0   | 255.255.255.255 |   enp0s9  |   UH  |
[   27.663574] cloud-init[734]: ci-info: |   6   | 192.168.56.0 |   0.0.0.0   |  255.255.255.0  |   enp0s8  |   U   |
[   27.669936] cloud-init[734]: ci-info: +-------+--------------+-------------+-----------------+-----------+-------+
[   27.677065] cloud-init[734]: ci-info: +++++++++++++++++++Route IPv6 info+++++++++++++++++++
[   27.683387] cloud-init[734]: ci-info: +-------+-------------+---------+-----------+-------+
[   27.687525] cloud-init[734]: ci-info: | Route | Destination | Gateway | Interface | Flags |
[   27.691920] cloud-init[734]: ci-info: +-------+-------------+---------+-----------+-------+
[   27.697853] cloud-init[734]: ci-info: |   1   |  fe80::/64  |    ::   |   enp0s9  |   U   |
[   27.703011] cloud-init[734]: ci-info: |   2   |  fe80::/64  |    ::   |   enp0s8  |   U   |
[   27.711968] cloud-init[734]: ci-info: |   3   |  fe80::/64  |    ::   |   enp0s3  |   U   |
[   27.718790] cloud-init[734]: ci-info: |   5   |    local    |    ::   |   enp0s3  |   U   |
[   27.723359] cloud-init[734]: ci-info: |   6   |    local    |    ::   |   enp0s8  |   U   |
[   27.729245] cloud-init[734]: ci-info: |   7   |    local    |    ::   |   enp0s9  |   U   |
[   27.734542] cloud-init[734]: ci-info: |   8   |   ff00::/8  |    ::   |   enp0s9  |   U   |
[   27.740566] cloud-init[734]: ci-info: |   9   |   ff00::/8  |    ::   |   enp0s8  |   U   |
[   27.746049] cloud-init[734]: ci-info: |   10  |   ff00::/8  |    ::   |   enp0s3  |   U   |
[   27.751772] cloud-init[734]: ci-info: +-------+-------------+---------+-----------+-------+
[[0;32m  OK  [0m] Started Initial cloud-init job (metadata service crawler).
[[0;32m  OK  [0m] Reached target System Initialization.
[[0;32m  OK  [0m] Started Message of the Day.
         Starting Socket activation for snappy daemon.
[[0;32m  OK  [0m] Listening on ACPID Listen Socket.
[[0;32m  OK  [0m] Listening on UUID daemon activation socket.
[[0;32m  OK  [0m] Listening on cloud-init hotplug hook socket.
[[0;32m  OK  [0m] Listening on Open-iSCSI iscsid Socket.
[[0;32m  OK  [0m] Started Ubuntu Advantage Timer for running repeated jobs.
[[0;32m  OK  [0m] Started Daily apt download activities.
[[0;32m  OK  [0m] Started Daily apt upgrade and clean activities.
         Starting LXD - unix socket.
[[0;32m  OK  [0m] Started ACPI Events Check.
[[0;32m  OK  [0m] Reached target Paths.
[[0;32m  OK  [0m] Listening on D-Bus System Message Bus Socket.
[[0;32m  OK  [0m] Started Daily Cleanup of Temporary Directories.
[[0;32m  OK  [0m] Started Discard unused blocks once a week.
[[0;32m  OK  [0m] Reached target Timers.
[[0;32m  OK  [0m] Reached target Cloud-config availability.
[[0;32m  OK  [0m] Reached target Network is Online.
         Starting Availability of block devices...
[[0;32m  OK  [0m] Reached target Remote File Systems (Pre).
         Mounting /vagrant...
[[0;32m  OK  [0m] Listening on Socket activation for snappy daemon.
[[0;32m  OK  [0m] Listening on LXD - unix socket.
[[0;32m  OK  [0m] Started Availability of block devices.
[[0;32m  OK  [0m] Reached target Sockets.
[[0;32m  OK  [0m] Reached target Basic System.
         Starting LXD - container startup/shutdown...
         Starting System Logging Service...
[[0;32m  OK  [0m] Started irqbalance daemon.
         Starting LSB: Record successful boot for GRUB...
         Starting Dispatcher daemon for systemd-networkd...
         Starting Accounts Service...
[[0;32m  OK  [0m] Started FUSE filesystem for LXC.
[[0;32m  OK  [0m] Reached target Login Prompts (Pre).
         Starting Login Service...
         Starting Virtualbox guest utils...
[[0;32m  OK  [0m] Started D-Bus System Message Bus.
[[0;32m  OK  [0m] Started Login Service.
[[0;32m  OK  [0m] Started Unattended Upgrades Shutdown.
[[0;32m  OK  [0m] Started Deferred execution scheduler.
         Starting Snap Daemon...
         Starting OpenBSD Secure Shell server...
[[0;32m  OK  [0m] Started Regular background program processing daemon.
[[0;32m  OK  [0m] Started System Logging Service.
[[0;32m  OK  [0m] Mounted /vagrant.
[[0;32m  OK  [0m] Started LXD - container startup/shutdown.
         Starting Authorization Manager...
[[0;32m  OK  [0m] Reached target Remote File Systems.
         Starting The Apache HTTP Server...
         Starting Permit User Sessions...
         Starting LSB: automatic crash report generation...
[[0;32m  OK  [0m] Started Permit User Sessions.
         Starting Hold until boot process finishes up...
         Starting Terminate Plymouth Boot Screen...
[[0;32m  OK  [0m] Started Terminate Plymouth Boot Screen.
[[0;32m  OK  [0m] Started Hold until boot process finishes up.
[[0;32m  OK  [0m] Started Serial Getty on ttyS0.
         Starting Set console scheme...
[[0;32m  OK  [0m] Started Dispatcher daemon for systemd-networkd.
[[0;32m  OK  [0m] Started Authorization Manager.
[[0;32m  OK  [0m] Started Accounts Service.
[[0;32m  OK  [0m] Started Set console scheme.
[[0;32m  OK  [0m] Created slice system-getty.slice.
[[0;32m  OK  [0m] Started Getty on tty1.
[[0;32m  OK  [0m] Reached target Login Prompts.
[[0;32m  OK  [0m] Started LSB: Record successful boot for GRUB.
[[0;32m  OK  [0m] Started LSB: automatic crash report generation.
[[0;32m  OK  [0m] Started OpenBSD Secure Shell server.
[[0;32m  OK  [0m] Started Virtualbox guest utils.
[[0;32m  OK  [0m] Started The Apache HTTP Server.
[[0;32m  OK  [0m] Created slice User Slice of vagrant.
         Starting User Manager for UID 1000...
[[0;32m  OK  [0m] Started Session 1 of user vagrant.
[[0;32m  OK  [0m] Started User Manager for UID 1000.
[[0;32m  OK  [0m] Started Snap Daemon.
         Starting Wait until snapd is fully seeded...
         Starting Time & Date Service...
[[0;32m  OK  [0m] Started Time & Date Service.
[[0;32m  OK  [0m] Started Wait until snapd is fully seeded.
         Starting Apply the settings specified in cloud-config...
[   34.512789] cloud-init[1335]: Cloud-init v. 23.1.2-0ubuntu0~18.04.1 running 'modules:config' at Sun, 15 Dec 2024 09:43:50 +0000. Up 34.29 seconds.
[[0;32m  OK  [0m] Started Apply the settings specified in cloud-config.
[[0;32m  OK  [0m] Reached target Multi-User System.
[[0;32m  OK  [0m] Reached target Graphical Interface.
         Starting Update UTMP about System Runlevel Changes...
         Starting Execute cloud user/final scripts...
[[0;32m  OK  [0m] Started Update UTMP about System Runlevel Changes.
[   35.610623] cloud-init[1447]: Cloud-init v. 23.1.2-0ubuntu0~18.04.1 running 'modules:final' at Sun, 15 Dec 2024 09:43:51 +0000. Up 35.40 seconds.
[   35.631589] cloud-init[1447]: Cloud-init v. 23.1.2-0ubuntu0~18.04.1 finished at Sun, 15 Dec 2024 09:43:51 +0000. Datasource DataSourceNoCloud [seed=/dev/sdb][dsmode=net].  Up 35.59 seconds

Ubuntu 18.04.6 LTS ubuntu-bionic ttyS0

ubuntu-bionic login: [[0;32m  OK  [0m] Stopped Unattended Upgrades Shutdown.
         Stopping Session 5 of user vagrant.
[[0;32m  OK  [0m] Stopped target Graphical Interface.
         Stopping Session 13 of user vagrant.
[[0;32m  OK  [0m] Stopped target Cloud-init target.
         Stopping User Manager for UID 1000...
         Stopping Session 3 of user vagrant.
[[0;32m  OK  [0m] Stopped target Timers.
[[0;32m  OK  [0m] Stopped Daily apt upgrade and clean activities.
         Stopping Authorization Manager...
[[0;32m  OK  [0m] Stopped Discard unused blocks once a week.
         Stopping Accounts Service...
[[0;32m  OK  [0m] Stopped Daily apt download activities.
         Stopping Availability of block devices...
[[0;32m  OK  [0m] Stopped Daily Cleanup of Temporary Directories.
[[0;32m  OK  [0m] Closed Load/Save RF Kill Switch Status /dev/rfkill Watch.
[[0;32m  OK  [0m] Stopped Message of the Day.
[[0;32m  OK  [0m] Stopped target System Time Synchronized.
[[0;32m  OK  [0m] Stopped Ubuntu Advantage Timer for running repeated jobs.
[[0;32m  OK  [0m] Stopped Execute cloud user/final scripts.
[[0;32m  OK  [0m] Stopped Apply the settings specified in cloud-config.
[[0;32m  OK  [0m] Stopped target Cloud-config availability.
[[0;32m  OK  [0m] Stopped target Multi-User System.
         Stopping LSB: Record successful boot for GRUB...
         Stopping Dispatcher daemon for systemd-networkd...
         Stopping Virtualbox guest utils...
[[0;32m  OK  [0m] Stopped Wait until snapd is fully seeded.
         Stopping Snap Daemon...
         Stopping The Apache HTTP Server...
         Stopping FUSE filesystem for LXC...
         Stopping LXD - container startup/shutdown...
[[0;32m  OK  [0m] Stopped target Login Prompts.
         Stopping Getty on tty1...
         Stopping Serial Getty on ttyS0...
         Stopping Regular background program processing daemon...
         Stopping Deferred execution scheduler...
         Stopping irqbalance daemon...
         Stopping OpenBSD Secure Shell server...
         Stopping System Logging Service...
         Stopping D-Bus System Message Bus...
         Stopping LSB: automatic crash report generation...
[[0;32m  OK  [0m] Unmounted /var/lib/lxcfs.
[[0;32m  OK  [0m] Stopped Dispatcher daemon for systemd-networkd.
[[0;32m  OK  [0m] Stopped Accounts Service.
[[0;32m  OK  [0m] Stopped irqbalance daemon.
[[0;32m  OK  [0m] Stopped Deferred execution scheduler.
[[0;32m  OK  [0m] Stopped Regular background program processing daemon.
[[0;32m  OK  [0m] Stopped Authorization Manager.
[[0;32m  OK  [0m] Stopped Serial Getty on ttyS0.
[[0;32m  OK  [0m] Stopped Getty on tty1.
[[0;32m  OK  [0m] Stopped OpenBSD Secure Shell server.
[[0;32m  OK  [0m] Stopped User Manager for UID 1000.
[[0;32m  OK  [0m] Stopped Availability of block devices.
[[0;32m  OK  [0m] Stopped D-Bus System Message Bus.
[[0;32m  OK  [0m] Stopped FUSE filesystem for LXC.
[[0;32m  OK  [0m] Stopped System Logging Service.
[[0;32m  OK  [0m] Stopped Session 13 of user vagrant.
[[0;32m  OK  [0m] Removed slice system-getty.slice.
[[0;32m  OK  [0m] Stopped target Login Prompts (Pre).
[[0;32m  OK  [0m] Removed slice system-serial\x2dgetty.slice.
[[0;32m  OK  [0m] Stopped LXD - container startup/shutdown.
[[0;32m  OK  [0m] Stopped Session 3 of user vagrant.
[[0;32m  OK  [0m] Stopped Session 5 of user vagrant.
[[0;32m  OK  [0m] Removed slice User Slice of vagrant.
         Stopping Permit User Sessions...
         Stopping Login Service...
[[0;32m  OK  [0m] Stopped LSB: Record successful boot for GRUB.
[[0;32m  OK  [0m] Stopped Permit User Sessions.
[[0;32m  OK  [0m] Stopped LSB: automatic crash report generation.
[[0;32m  OK  [0m] Stopped Login Service.
[[0;32m  OK  [0m] Stopped target User and Group Name Lookups.
[[0;32m  OK  [0m] Stopped The Apache HTTP Server.
[[0;32m  OK  [0m] Stopped target Host and Network Name Lookups.
[[0;32m  OK  [0m] Stopped target Remote File Systems.
         Unmounting /vagrant...
[[0;32m  OK  [0m] Stopped Virtualbox guest utils.
[[0;32m  OK  [0m] Unmounted /vagrant.
[[0;32m  OK  [0m] Stopped target Remote File Systems (Pre).
[[0;32m  OK  [0m] Stopped target Network is Online.
[[0;32m  OK  [0m] Stopped target Network.
         Stopping Network Name Resolution...
[[0;32m  OK  [0m] Stopped Network Name Resolution.
         Stopping Network Service...
[[0;32m  OK  [0m] Stopped Network Service.
[[0;32m  OK  [0m] Stopped target Network (Pre).
[[0;32m  OK  [0m] Stopped Snap Daemon.
[[0;32m  OK  [0m] Stopped target Basic System.
[[0;32m  OK  [0m] Stopped target Sockets.
[[0;32m  OK  [0m] Closed Syslog Socket.
[[0;32m  OK  [0m] Closed cloud-init hotplug hook socket.
[[0;32m  OK  [0m] Closed LXD - unix socket.
[[0;32m  OK  [0m] Closed UUID daemon activation socket.
[[0;32m  OK  [0m] Closed D-Bus System Message Bus Socket.
[[0;32m  OK  [0m] Closed ACPID Listen Socket.
[[0;32m  OK  [0m] Closed Open-iSCSI iscsid Socket.
[[0;32m  OK  [0m] Stopped target Paths.
[[0;32m  OK  [0m] Stopped ACPI Events Check.
[[0;32m  OK  [0m] Stopped target Slices.
[[0;32m  OK  [0m] Removed slice User and Session Slice.
[[0;32m  OK  [0m] Closed Socket activation for snappy daemon.
[[0;32m  OK  [0m] Stopped target System Initialization.
[[0;32m  OK  [0m] Stopped target Local Encrypted Volumes.
[[0;32m  OK  [0m] Stopped Dispatch Password Requests to Console Directory Watch.
[[0;32m  OK  [0m] Stopped Forward Password Requests to Wall Directory Watch.
         Stopping Load/Save Random Seed...
         Stopping Update UTMP about System Boot/Shutdown...
[[0;32m  OK  [0m] Stopped Apply Kernel Variables.
[[0;32m  OK  [0m] Stopped Load Kernel Modules.
[[0;32m  OK  [0m] Stopped Initial cloud-init job (metadata service crawler).
[[0;32m  OK  [0m] Stopped Initial cloud-init job (pre-networking).
[[0;32m  OK  [0m] Stopped Load/Save Random Seed.
[[0;32m  OK  [0m] Stopped Update UTMP about System Boot/Shutdown.
[[0;32m  OK  [0m] Stopped Create Volatile Files and Directories.
[[0;32m  OK  [0m] Stopped target Local File Systems.
         Unmounting /run/user/1000...
[[0;32m  OK  [0m] Stopped target Mounted snaps.
         Unmounting Mount unit for tree, revision 54...
         Unmounting Mount unit for snapd, revision 23258...
         Unmounting Mount unit for core22, revision 1722...
[[0;32m  OK  [0m] Unmounted /run/user/1000.
[[0;32m  OK  [0m] Stopped target Swap.
[[0;32m  OK  [0m] Unmounted Mount unit for tree, revision 54.
[[0;32m  OK  [0m] Unmounted Mount unit for core22, revision 1722.
[[0;32m  OK  [0m] Unmounted Mount unit for snapd, revision 23258.
[[0;32m  OK  [0m] Reached target Unmount All Filesystems.
[[0;32m  OK  [0m] Stopped target Local File Systems (Pre).
[[0;32m  OK  [0m] Stopped Create Static Device Nodes in /dev.
         Stopping Monitoring of LVM2 mirrors…ng dmeventd or progress polling...
[[0;32m  OK  [0m] Stopped Remount Root and Kernel File Systems.
[[0;32m  OK  [0m] Stopped target Mounting snaps.
[[0;32m  OK  [0m] Reached target Shutdown.
[[0;32m  OK  [0m] Reached target Final Step.
         Starting Power-Off...
[19772.982437] reboot: Power down
